#
# There is insufficient memory for the Java Runtime Environment to continue.
# Native memory allocation (malloc) failed to allocate 83536 bytes for Chunk::new
# Possible reasons:
#   The system is out of physical RAM or swap space
#   The process is running with CompressedOops enabled, and the Java Heap may be blocking the growth of the native heap
# Possible solutions:
#   Reduce memory load on the system
#   Increase physical memory or swap space
#   Check if swap backing store is full
#   Decrease Java heap size (-Xmx/-Xms)
#   Decrease number of Java threads
#   Decrease Java thread stack sizes (-Xss)
#   Set larger code cache with -XX:ReservedCodeCacheSize=
#   JVM is running with Unscaled Compressed Oops mode in which the Java heap is
#     placed in the first 4GB address space. The Java Heap base address is the
#     maximum limit for the native heap growth. Please use -XX:HeapBaseMinAddress
#     to set the Java Heap base and to place the Java Heap above 4GB virtual address.
# This output file may be truncated or incomplete.
#
#  Out of Memory Error (./open/src/hotspot/share/memory/arena.cpp:197), pid=6188, tid=3964
#
# JRE version: Java(TM) SE Runtime Environment 18.9 (11.0.7+8) (build 11.0.7+8-LTS)
# Java VM: Java HotSpot(TM) 64-Bit Server VM 18.9 (11.0.7+8-LTS, mixed mode, tiered, compressed oops, g1 gc, windows-amd64)
# No core dump will be written. Minidumps are not enabled by default on client versions of Windows
#

---------------  S U M M A R Y ------------

Command Line: --add-opens=java.base/java.util=ALL-UNNAMED --add-opens=java.base/java.lang=ALL-UNNAMED --add-opens=java.base/java.lang.invoke=ALL-UNNAMED --add-opens=java.prefs/java.util.prefs=ALL-UNNAMED -XX:MaxMetaspaceSize=256m -XX:+HeapDumpOnOutOfMemoryError -Xms256m -Xmx512m -Dfile.encoding=windows-1252 -Duser.country=IN -Duser.language=en -Duser.variant org.gradle.launcher.daemon.bootstrap.GradleDaemon 6.3

Host: Intel(R) Core(TM) i5-8400 CPU @ 2.80GHz, 6 cores, 15G,  Windows 10 , 64 bit Build 18362 (10.0.18362.329)
Time: Tue Jun  9 19:08:25 2020 India Standard Time elapsed time: 2602 seconds (0d 0h 43m 22s)

---------------  T H R E A D  ---------------

Current thread (0x000001dcadfbe000):  JavaThread "C2 CompilerThread0" daemon [_thread_in_native, id=3964, stack(0x0000009d2f300000,0x0000009d2f400000)]


Current CompileTask:
C2:2602343 9409       4       java.util.concurrent.locks.AbstractQueuedSynchronizer::transferForSignal (45 bytes)

Stack: [0x0000009d2f300000,0x0000009d2f400000]
Native frames: (J=compiled Java code, j=interpreted, Vv=VM code, C=native code)
V  [jvm.dll+0x661a7a]
V  [jvm.dll+0x7a1b2f]
V  [jvm.dll+0x7a31d5]
V  [jvm.dll+0x7a3843]
V  [jvm.dll+0x25f1a8]
V  [jvm.dll+0xc2441]
V  [jvm.dll+0xc29cc]
V  [jvm.dll+0x36fd27]
V  [jvm.dll+0x33c793]
V  [jvm.dll+0x33bb6a]
V  [jvm.dll+0x2186e5]
V  [jvm.dll+0x21788a]
V  [jvm.dll+0x19407c]
V  [jvm.dll+0x226c74]
V  [jvm.dll+0x224e98]
V  [jvm.dll+0x765e25]
V  [jvm.dll+0x75e875]
V  [jvm.dll+0x660b26]
C  [ucrtbase.dll+0x20e72]
C  [KERNEL32.DLL+0x17bd4]
C  [ntdll.dll+0x6ced1]


---------------  P R O C E S S  ---------------

Threads class SMR info:
_java_thread_list=0x000001dcb3a5e840, length=49, elements={
0x000001dc92725800, 0x000001dcad733000, 0x000001dcad734800, 0x000001dcadfb9800,
0x000001dcadfbc000, 0x000001dcadfbe000, 0x000001dcadfc1000, 0x000001dcadfcd800,
0x000001dcae12d000, 0x000001dcae140000, 0x000001dcaf738800, 0x000001dcae2b3000,
0x000001dcafeb8800, 0x000001dcafb75000, 0x000001dcafb76800, 0x000001dcafb77800,
0x000001dcafb7a000, 0x000001dcb06b5800, 0x000001dcb06ba800, 0x000001dcb06b3000,
0x000001dcb06b0800, 0x000001dcb06ae800, 0x000001dcb06b4000, 0x000001dcb06b5000,
0x000001dcb06af000, 0x000001dcb06b6800, 0x000001dcb06b7800, 0x000001dcb06b1800,
0x000001dcb06b9800, 0x000001dcb06bb800, 0x000001dcb06bc000, 0x000001dcb06b8000,
0x000001dcb06b9000, 0x000001dcafb76000, 0x000001dcafb78800, 0x000001dcafb73800,
0x000001dcafb79000, 0x000001dcafb74000, 0x000001dcb3861000, 0x000001dcb3866000,
0x000001dcb3862000, 0x000001dcb3863800, 0x000001dcb3865000, 0x000001dcb3862800,
0x000001dcb3867000, 0x000001dcb3867800, 0x000001dcb3868800, 0x000001dcb3869000,
0x000001dcb386a000
}

Java Threads: ( => current thread )
  0x000001dc92725800 JavaThread "main" [_thread_blocked, id=4636, stack(0x0000009d2e800000,0x0000009d2e900000)]
  0x000001dcad733000 JavaThread "Reference Handler" daemon [_thread_blocked, id=15552, stack(0x0000009d2ef00000,0x0000009d2f000000)]
  0x000001dcad734800 JavaThread "Finalizer" daemon [_thread_blocked, id=11980, stack(0x0000009d2f000000,0x0000009d2f100000)]
  0x000001dcadfb9800 JavaThread "Signal Dispatcher" daemon [_thread_blocked, id=15424, stack(0x0000009d2f100000,0x0000009d2f200000)]
  0x000001dcadfbc000 JavaThread "Attach Listener" daemon [_thread_blocked, id=15688, stack(0x0000009d2f200000,0x0000009d2f300000)]
=>0x000001dcadfbe000 JavaThread "C2 CompilerThread0" daemon [_thread_in_native, id=3964, stack(0x0000009d2f300000,0x0000009d2f400000)]
  0x000001dcadfc1000 JavaThread "C1 CompilerThread0" daemon [_thread_blocked, id=16740, stack(0x0000009d2f400000,0x0000009d2f500000)]
  0x000001dcadfcd800 JavaThread "Sweeper thread" daemon [_thread_blocked, id=14300, stack(0x0000009d2f500000,0x0000009d2f600000)]
  0x000001dcae12d000 JavaThread "Common-Cleaner" daemon [_thread_blocked, id=16896, stack(0x0000009d2f600000,0x0000009d2f700000)]
  0x000001dcae140000 JavaThread "Service Thread" daemon [_thread_blocked, id=2008, stack(0x0000009d2f700000,0x0000009d2f800000)]
  0x000001dcaf738800 JavaThread "Daemon health stats" [_thread_blocked, id=10176, stack(0x0000009d2ff00000,0x0000009d30000000)]
  0x000001dcae2b3000 JavaThread "Incoming local TCP Connector on port 50813" [_thread_in_native, id=16716, stack(0x0000009d2f900000,0x0000009d2fa00000)]
  0x000001dcafeb8800 JavaThread "Daemon periodic checks" [_thread_blocked, id=12436, stack(0x0000009d30000000,0x0000009d30100000)]
  0x000001dcafb75000 JavaThread "Cache worker for journal cache (C:\Users\spremsagar\.gradle\caches\journal-1)" [_thread_blocked, id=6412, stack(0x0000009d30b00000,0x0000009d30c00000)]
  0x000001dcafb76800 JavaThread "File lock request listener" [_thread_in_native, id=14832, stack(0x0000009d30c00000,0x0000009d30d00000)]
  0x000001dcafb77800 JavaThread "Cache worker for file hash cache (C:\Users\spremsagar\.gradle\caches\6.3\fileHashes)" [_thread_blocked, id=1896, stack(0x0000009d30d00000,0x0000009d30e00000)]
  0x000001dcafb7a000 JavaThread "Cache worker for execution history cache (C:\Users\spremsagar\.gradle\caches\6.3\executionHistory)" [_thread_blocked, id=16644, stack(0x0000009d31400000,0x0000009d31500000)]
  0x000001dcb06b5800 JavaThread "Memory manager" [_thread_blocked, id=10076, stack(0x0000009d31c00000,0x0000009d31d00000)]
  0x000001dcb06ba800 JavaThread "Cache worker for file content cache (C:\Users\spremsagar\.gradle\caches\6.3\fileContent)" [_thread_blocked, id=17012, stack(0x0000009d31d00000,0x0000009d31e00000)]
  0x000001dcb06b3000 JavaThread "Daemon Thread 2" [_thread_blocked, id=11548, stack(0x0000009d2e500000,0x0000009d2e600000)]
  0x000001dcb06b0800 JavaThread "Handler for socket connection from /127.0.0.1:50813 to /127.0.0.1:51103" [_thread_in_native, id=13128, stack(0x0000009d2e600000,0x0000009d2e700000)]
  0x000001dcb06ae800 JavaThread "Cancel handler" [_thread_blocked, id=7836, stack(0x0000009d2e700000,0x0000009d2e800000)]
  0x000001dcb06b4000 JavaThread "Daemon worker Thread 2" [_thread_blocked, id=13664, stack(0x0000009d30100000,0x0000009d30200000)]
  0x000001dcb06b5000 JavaThread "Asynchronous log dispatcher for DefaultDaemonConnection: socket connection from /127.0.0.1:50813 to /127.0.0.1:51103" [_thread_blocked, id=18364, stack(0x0000009d30200000,0x0000009d30300000)]
  0x000001dcb06af000 JavaThread "Stdin handler" [_thread_blocked, id=18212, stack(0x0000009d30600000,0x0000009d30700000)]
  0x000001dcb06b6800 JavaThread "Thread-44" [_thread_blocked, id=2956, stack(0x0000009d30700000,0x0000009d30800000)]
  0x000001dcb06b7800 JavaThread "Cache worker for checksums cache (D:\redis_dataloading\dataloading\.gradle\checksums)" [_thread_blocked, id=18568, stack(0x0000009d30800000,0x0000009d30900000)]
  0x000001dcb06b1800 JavaThread "Cache worker for file hash cache (D:\redis_dataloading\dataloading\.gradle\6.3\fileHashes)" [_thread_blocked, id=6420, stack(0x0000009d30900000,0x0000009d30a00000)]
  0x000001dcb06b9800 JavaThread "Cache worker for cache directory md-supplier (C:\Users\spremsagar\.gradle\caches\6.3\md-supplier)" [_thread_blocked, id=13028, stack(0x0000009d30a00000,0x0000009d30b00000)]
  0x000001dcb06bb800 JavaThread "Cache worker for cache directory md-rule (C:\Users\spremsagar\.gradle\caches\6.3\md-rule)" [_thread_blocked, id=11504, stack(0x0000009d30f00000,0x0000009d31000000)]
  0x000001dcb06bc000 JavaThread "Build operations" [_thread_blocked, id=16900, stack(0x0000009d31100000,0x0000009d31200000)]
  0x000001dcb06b8000 JavaThread "Build operations Thread 2" [_thread_blocked, id=13772, stack(0x0000009d31200000,0x0000009d31300000)]
  0x000001dcb06b9000 JavaThread "Build operations Thread 3" [_thread_blocked, id=18416, stack(0x0000009d31300000,0x0000009d31400000)]
  0x000001dcafb76000 JavaThread "Build operations Thread 4" [_thread_blocked, id=14668, stack(0x0000009d31500000,0x0000009d31600000)]
  0x000001dcafb78800 JavaThread "Build operations Thread 5" [_thread_blocked, id=9232, stack(0x0000009d31600000,0x0000009d31700000)]
  0x000001dcafb73800 JavaThread "Build operations Thread 6" [_thread_blocked, id=9564, stack(0x0000009d31700000,0x0000009d31800000)]
  0x000001dcafb79000 JavaThread "Cache worker for Build Output Cleanup Cache (D:\redis_dataloading\dataloading\.gradle\buildOutputCleanup)" [_thread_blocked, id=3244, stack(0x0000009d31800000,0x0000009d31900000)]
  0x000001dcafb74000 JavaThread "Cache worker for file content cache (D:\redis_dataloading\dataloading\.gradle\6.3\fileContent)" [_thread_blocked, id=6364, stack(0x0000009d31900000,0x0000009d31a00000)]
  0x000001dcb3861000 JavaThread "Execution worker for ':'" [_thread_blocked, id=13080, stack(0x0000009d31a00000,0x0000009d31b00000)]
  0x000001dcb3866000 JavaThread "Execution worker for ':' Thread 2" [_thread_blocked, id=16664, stack(0x0000009d31b00000,0x0000009d31c00000)]
  0x000001dcb3862000 JavaThread "Execution worker for ':' Thread 3" [_thread_blocked, id=16516, stack(0x0000009d31e00000,0x0000009d31f00000)]
  0x000001dcb3863800 JavaThread "Execution worker for ':' Thread 4" [_thread_blocked, id=5204, stack(0x0000009d31f00000,0x0000009d32000000)]
  0x000001dcb3865000 JavaThread "Execution worker for ':' Thread 5" [_thread_blocked, id=11756, stack(0x0000009d32000000,0x0000009d32100000)]
  0x000001dcb3862800 JavaThread "Cache worker for execution history cache (D:\redis_dataloading\dataloading\.gradle\6.3\executionHistory)" [_thread_blocked, id=13060, stack(0x0000009d32100000,0x0000009d32200000)]
  0x000001dcb3867000 JavaThread "Exec process Thread 5" [_thread_in_native, id=5684, stack(0x0000009d32200000,0x0000009d32300000)]
  0x000001dcb3867800 JavaThread "DisconnectableInputStream source reader" daemon [_thread_blocked, id=11580, stack(0x0000009d32300000,0x0000009d32400000)]
  0x000001dcb3868800 JavaThread "Exec process Thread 6" [_thread_blocked, id=10808, stack(0x0000009d32400000,0x0000009d32500000)]
  0x000001dcb3869000 JavaThread "Exec process Thread 7" [_thread_in_native, id=18556, stack(0x0000009d32500000,0x0000009d32600000)]
  0x000001dcb386a000 JavaThread "Exec process Thread 8" [_thread_in_native, id=13800, stack(0x0000009d32600000,0x0000009d32700000)]

Other Threads:
  0x000001dcad730000 VMThread "VM Thread" [stack: 0x0000009d2ee00000,0x0000009d2ef00000] [id=4836]
  0x000001dcae142000 WatcherThread [stack: 0x0000009d2f800000,0x0000009d2f900000] [id=1072]
  0x000001dc9273d000 GCTaskThread "GC Thread#0" [stack: 0x0000009d2e900000,0x0000009d2ea00000] [id=11924]
  0x000001dcae9fe000 GCTaskThread "GC Thread#1" [stack: 0x0000009d2fa00000,0x0000009d2fb00000] [id=8400]
  0x000001dcae9ff000 GCTaskThread "GC Thread#2" [stack: 0x0000009d2fb00000,0x0000009d2fc00000] [id=4844]
  0x000001dcaea10000 GCTaskThread "GC Thread#3" [stack: 0x0000009d2fc00000,0x0000009d2fd00000] [id=8712]
  0x000001dcaea10800 GCTaskThread "GC Thread#4" [stack: 0x0000009d2fd00000,0x0000009d2fe00000] [id=1556]
  0x000001dcaebe1800 GCTaskThread "GC Thread#5" [stack: 0x0000009d2fe00000,0x0000009d2ff00000] [id=8980]
  0x000001dc92749800 ConcurrentGCThread "G1 Main Marker" [stack: 0x0000009d2ea00000,0x0000009d2eb00000] [id=13340]
  0x000001dc9274d000 ConcurrentGCThread "G1 Conc#0" [stack: 0x0000009d2eb00000,0x0000009d2ec00000] [id=17532]
  0x000001dcb00eb000 ConcurrentGCThread "G1 Conc#1" [stack: 0x0000009d30e00000,0x0000009d30f00000] [id=14120]
  0x000001dcad5cc800 ConcurrentGCThread "G1 Refine#0" [stack: 0x0000009d2ec00000,0x0000009d2ed00000] [id=3772]
  0x000001dcaecd1800 ConcurrentGCThread "G1 Refine#1" [stack: 0x0000009d30300000,0x0000009d30400000] [id=8104]
  0x000001dcaf9d9800 ConcurrentGCThread "G1 Refine#2" [stack: 0x0000009d30400000,0x0000009d30500000] [id=10856]
  0x000001dcafa03000 ConcurrentGCThread "G1 Refine#3" [stack: 0x0000009d30500000,0x0000009d30600000] [id=14344]
  0x000001dcad5cd000 ConcurrentGCThread "G1 Young RemSet Sampling" [stack: 0x0000009d2ed00000,0x0000009d2ee00000] [id=8176]

Threads with active compile tasks:
C2 CompilerThread09409       4       java.util.concurrent.locks.AbstractQueuedSynchronizer::transferForSignal (45 bytes)

VM state:not at safepoint (normal execution)

VM Mutex/Monitor currently owned by a thread: None

Heap address: 0x00000000e0000000, size: 512 MB, Compressed Oops mode: 32-bit
Narrow klass base: 0x0000000000000000, Narrow klass shift: 3
Compressed class space size: 260046848 Address: 0x0000000100000000

Heap:
 garbage-first heap   total 262144K, used 108146K [0x00000000e0000000, 0x0000000100000000)
  region size 1024K, 70 young (71680K), 14 survivors (14336K)
 Metaspace       used 55359K, capacity 57003K, committed 57136K, reserved 305152K
  class space    used 6981K, capacity 7548K, committed 7552K, reserved 253952K
Heap Regions: E=young(eden), S=young(survivor), O=old, HS=humongous(starts), HC=humongous(continues), CS=collection set, F=free, A=archive, TAMS=top-at-mark-start (previous, next)
|   0|0x00000000e0000000, 0x00000000e0100000, 0x00000000e0100000|100%| O|  |TAMS 0x00000000e0100000, 0x00000000e0000000| Untracked 
|   1|0x00000000e0100000, 0x00000000e0200000, 0x00000000e0200000|100%| O|  |TAMS 0x00000000e0200000, 0x00000000e0100000| Untracked 
|   2|0x00000000e0200000, 0x00000000e0300000, 0x00000000e0300000|100%| O|  |TAMS 0x00000000e0200000, 0x00000000e0200000| Untracked 
|   3|0x00000000e0300000, 0x00000000e0400000, 0x00000000e0400000|100%|HS|  |TAMS 0x00000000e0400000, 0x00000000e0300000| Complete 
|   4|0x00000000e0400000, 0x00000000e0500000, 0x00000000e0500000|100%|HC|  |TAMS 0x00000000e0500000, 0x00000000e0400000| Complete 
|   5|0x00000000e0500000, 0x00000000e0600000, 0x00000000e0600000|100%|HC|  |TAMS 0x00000000e0600000, 0x00000000e0500000| Complete 
|   6|0x00000000e0600000, 0x00000000e0700000, 0x00000000e0700000|100%| O|  |TAMS 0x00000000e0700000, 0x00000000e0600000| Untracked 
|   7|0x00000000e0700000, 0x00000000e0800000, 0x00000000e0800000|100%| O|  |TAMS 0x00000000e0800000, 0x00000000e0700000| Untracked 
|   8|0x00000000e0800000, 0x00000000e0900000, 0x00000000e0900000|100%| O|  |TAMS 0x00000000e0900000, 0x00000000e0800000| Untracked 
|   9|0x00000000e0900000, 0x00000000e0a00000, 0x00000000e0a00000|100%| O|  |TAMS 0x00000000e0a00000, 0x00000000e0900000| Untracked 
|  10|0x00000000e0a00000, 0x00000000e0b00000, 0x00000000e0b00000|100%| O|  |TAMS 0x00000000e0b00000, 0x00000000e0a00000| Untracked 
|  11|0x00000000e0b00000, 0x00000000e0c00000, 0x00000000e0c00000|100%| O|  |TAMS 0x00000000e0c00000, 0x00000000e0b00000| Untracked 
|  12|0x00000000e0c00000, 0x00000000e0d00000, 0x00000000e0d00000|100%| O|  |TAMS 0x00000000e0d00000, 0x00000000e0c00000| Untracked 
|  13|0x00000000e0d00000, 0x00000000e0e00000, 0x00000000e0e00000|100%| O|  |TAMS 0x00000000e0e00000, 0x00000000e0d00000| Untracked 
|  14|0x00000000e0e00000, 0x00000000e0f00000, 0x00000000e0f00000|100%| O|  |TAMS 0x00000000e0f00000, 0x00000000e0e00000| Untracked 
|  15|0x00000000e0f00000, 0x00000000e1000000, 0x00000000e1000000|100%| O|  |TAMS 0x00000000e0f4e000, 0x00000000e0f00000| Untracked 
|  16|0x00000000e1000000, 0x00000000e1100000, 0x00000000e1100000|100%| O|  |TAMS 0x00000000e1000000, 0x00000000e1000000| Untracked 
|  17|0x00000000e1100000, 0x00000000e1200000, 0x00000000e1200000|100%| O|  |TAMS 0x00000000e1100000, 0x00000000e1100000| Untracked 
|  18|0x00000000e1200000, 0x00000000e1300000, 0x00000000e1300000|100%| O|  |TAMS 0x00000000e1200000, 0x00000000e1200000| Untracked 
|  19|0x00000000e1300000, 0x00000000e1400000, 0x00000000e1400000|100%| O|  |TAMS 0x00000000e1300000, 0x00000000e1300000| Untracked 
|  20|0x00000000e1400000, 0x00000000e1500000, 0x00000000e1500000|100%| O|  |TAMS 0x00000000e1400000, 0x00000000e1400000| Untracked 
|  21|0x00000000e1500000, 0x00000000e1600000, 0x00000000e1600000|100%| O|  |TAMS 0x00000000e1500000, 0x00000000e1500000| Untracked 
|  22|0x00000000e1600000, 0x00000000e1700000, 0x00000000e1700000|100%| O|  |TAMS 0x00000000e1600000, 0x00000000e1600000| Untracked 
|  23|0x00000000e1700000, 0x00000000e1800000, 0x00000000e1800000|100%| O|  |TAMS 0x00000000e1700000, 0x00000000e1700000| Untracked 
|  24|0x00000000e1800000, 0x00000000e1900000, 0x00000000e1900000|100%| O|  |TAMS 0x00000000e1800000, 0x00000000e1800000| Untracked 
|  25|0x00000000e1900000, 0x00000000e1a00000, 0x00000000e1a00000|100%| O|  |TAMS 0x00000000e1900000, 0x00000000e1900000| Untracked 
|  26|0x00000000e1a00000, 0x00000000e1b00000, 0x00000000e1b00000|100%| O|  |TAMS 0x00000000e1a00000, 0x00000000e1a00000| Untracked 
|  27|0x00000000e1b00000, 0x00000000e1c00000, 0x00000000e1c00000|100%| O|  |TAMS 0x00000000e1b00000, 0x00000000e1b00000| Untracked 
|  28|0x00000000e1c00000, 0x00000000e1d00000, 0x00000000e1d00000|100%| O|  |TAMS 0x00000000e1c00000, 0x00000000e1c00000| Untracked 
|  29|0x00000000e1d00000, 0x00000000e1e00000, 0x00000000e1e00000|100%| O|  |TAMS 0x00000000e1d00000, 0x00000000e1d00000| Untracked 
|  30|0x00000000e1e00000, 0x00000000e1f00000, 0x00000000e1f00000|100%| O|  |TAMS 0x00000000e1e00000, 0x00000000e1e00000| Untracked 
|  31|0x00000000e1f00000, 0x00000000e2000000, 0x00000000e2000000|100%| O|  |TAMS 0x00000000e1f00000, 0x00000000e1f00000| Untracked 
|  32|0x00000000e2000000, 0x00000000e2100000, 0x00000000e2100000|100%| O|  |TAMS 0x00000000e2000000, 0x00000000e2000000| Untracked 
|  33|0x00000000e2100000, 0x00000000e2200000, 0x00000000e2200000|100%| O|  |TAMS 0x00000000e2100000, 0x00000000e2100000| Untracked 
|  34|0x00000000e2200000, 0x00000000e2300000, 0x00000000e2300000|100%| O|  |TAMS 0x00000000e2200000, 0x00000000e2200000| Untracked 
|  35|0x00000000e2300000, 0x00000000e2400000, 0x00000000e2400000|100%| O|  |TAMS 0x00000000e2300000, 0x00000000e2300000| Untracked 
|  36|0x00000000e2400000, 0x00000000e2500000, 0x00000000e2500000|100%| O|  |TAMS 0x00000000e2400000, 0x00000000e2400000| Untracked 
|  37|0x00000000e2500000, 0x00000000e2500000, 0x00000000e2600000|  0%| F|  |TAMS 0x00000000e2500000, 0x00000000e2500000| Untracked 
|  38|0x00000000e2600000, 0x00000000e2600000, 0x00000000e2700000|  0%| F|  |TAMS 0x00000000e2600000, 0x00000000e2600000| Untracked 
|  39|0x00000000e2700000, 0x00000000e2700000, 0x00000000e2800000|  0%| F|  |TAMS 0x00000000e2700000, 0x00000000e2700000| Untracked 
|  40|0x00000000e2800000, 0x00000000e2800000, 0x00000000e2900000|  0%| F|  |TAMS 0x00000000e2800000, 0x00000000e2800000| Untracked 
|  41|0x00000000e2900000, 0x00000000e2900000, 0x00000000e2a00000|  0%| F|  |TAMS 0x00000000e2900000, 0x00000000e2900000| Untracked 
|  42|0x00000000e2a00000, 0x00000000e2a00000, 0x00000000e2b00000|  0%| F|  |TAMS 0x00000000e2a00000, 0x00000000e2a00000| Untracked 
|  43|0x00000000e2b00000, 0x00000000e2b00000, 0x00000000e2c00000|  0%| F|  |TAMS 0x00000000e2b00000, 0x00000000e2b00000| Untracked 
|  44|0x00000000e2c00000, 0x00000000e2c00000, 0x00000000e2d00000|  0%| F|  |TAMS 0x00000000e2c00000, 0x00000000e2c00000| Untracked 
|  45|0x00000000e2d00000, 0x00000000e2d00000, 0x00000000e2e00000|  0%| F|  |TAMS 0x00000000e2d00000, 0x00000000e2d00000| Untracked 
|  46|0x00000000e2e00000, 0x00000000e2e00000, 0x00000000e2f00000|  0%| F|  |TAMS 0x00000000e2e00000, 0x00000000e2e00000| Untracked 
|  47|0x00000000e2f00000, 0x00000000e2f00000, 0x00000000e3000000|  0%| F|  |TAMS 0x00000000e2f00000, 0x00000000e2f00000| Untracked 
|  48|0x00000000e3000000, 0x00000000e3000000, 0x00000000e3100000|  0%| F|  |TAMS 0x00000000e3000000, 0x00000000e3000000| Untracked 
|  49|0x00000000e3100000, 0x00000000e3100000, 0x00000000e3200000|  0%| F|  |TAMS 0x00000000e3100000, 0x00000000e3100000| Untracked 
|  50|0x00000000e3200000, 0x00000000e3200000, 0x00000000e3300000|  0%| F|  |TAMS 0x00000000e3200000, 0x00000000e3200000| Untracked 
|  51|0x00000000e3300000, 0x00000000e3300000, 0x00000000e3400000|  0%| F|  |TAMS 0x00000000e3300000, 0x00000000e3300000| Untracked 
|  52|0x00000000e3400000, 0x00000000e3400000, 0x00000000e3500000|  0%| F|  |TAMS 0x00000000e3400000, 0x00000000e3400000| Untracked 
|  53|0x00000000e3500000, 0x00000000e3500000, 0x00000000e3600000|  0%| F|  |TAMS 0x00000000e3500000, 0x00000000e3500000| Untracked 
|  54|0x00000000e3600000, 0x00000000e3600000, 0x00000000e3700000|  0%| F|  |TAMS 0x00000000e3600000, 0x00000000e3600000| Untracked 
|  55|0x00000000e3700000, 0x00000000e3700000, 0x00000000e3800000|  0%| F|  |TAMS 0x00000000e3700000, 0x00000000e3700000| Untracked 
|  56|0x00000000e3800000, 0x00000000e3800000, 0x00000000e3900000|  0%| F|  |TAMS 0x00000000e3800000, 0x00000000e3800000| Untracked 
|  57|0x00000000e3900000, 0x00000000e3900000, 0x00000000e3a00000|  0%| F|  |TAMS 0x00000000e3900000, 0x00000000e3900000| Untracked 
|  58|0x00000000e3a00000, 0x00000000e3a00000, 0x00000000e3b00000|  0%| F|  |TAMS 0x00000000e3a00000, 0x00000000e3a00000| Untracked 
|  59|0x00000000e3b00000, 0x00000000e3b00000, 0x00000000e3c00000|  0%| F|  |TAMS 0x00000000e3b00000, 0x00000000e3b00000| Untracked 
|  60|0x00000000e3c00000, 0x00000000e3c00000, 0x00000000e3d00000|  0%| F|  |TAMS 0x00000000e3c00000, 0x00000000e3c00000| Untracked 
|  61|0x00000000e3d00000, 0x00000000e3d00000, 0x00000000e3e00000|  0%| F|  |TAMS 0x00000000e3d00000, 0x00000000e3d00000| Untracked 
|  62|0x00000000e3e00000, 0x00000000e3e00000, 0x00000000e3f00000|  0%| F|  |TAMS 0x00000000e3e00000, 0x00000000e3e00000| Untracked 
|  63|0x00000000e3f00000, 0x00000000e3f00000, 0x00000000e4000000|  0%| F|  |TAMS 0x00000000e3f00000, 0x00000000e3f00000| Untracked 
|  64|0x00000000e4000000, 0x00000000e4000000, 0x00000000e4100000|  0%| F|  |TAMS 0x00000000e4000000, 0x00000000e4000000| Untracked 
|  65|0x00000000e4100000, 0x00000000e4100000, 0x00000000e4200000|  0%| F|  |TAMS 0x00000000e4100000, 0x00000000e4100000| Untracked 
|  66|0x00000000e4200000, 0x00000000e4200000, 0x00000000e4300000|  0%| F|  |TAMS 0x00000000e4200000, 0x00000000e4200000| Untracked 
|  67|0x00000000e4300000, 0x00000000e4300000, 0x00000000e4400000|  0%| F|  |TAMS 0x00000000e4300000, 0x00000000e4300000| Untracked 
|  68|0x00000000e4400000, 0x00000000e4400000, 0x00000000e4500000|  0%| F|  |TAMS 0x00000000e4400000, 0x00000000e4400000| Untracked 
|  69|0x00000000e4500000, 0x00000000e4500000, 0x00000000e4600000|  0%| F|  |TAMS 0x00000000e4500000, 0x00000000e4500000| Untracked 
|  70|0x00000000e4600000, 0x00000000e4600000, 0x00000000e4700000|  0%| F|  |TAMS 0x00000000e4600000, 0x00000000e4600000| Untracked 
|  71|0x00000000e4700000, 0x00000000e4700000, 0x00000000e4800000|  0%| F|  |TAMS 0x00000000e4700000, 0x00000000e4700000| Untracked 
|  72|0x00000000e4800000, 0x00000000e4800000, 0x00000000e4900000|  0%| F|  |TAMS 0x00000000e4800000, 0x00000000e4800000| Untracked 
|  73|0x00000000e4900000, 0x00000000e4900000, 0x00000000e4a00000|  0%| F|  |TAMS 0x00000000e4900000, 0x00000000e4900000| Untracked 
|  74|0x00000000e4a00000, 0x00000000e4a00000, 0x00000000e4b00000|  0%| F|  |TAMS 0x00000000e4a00000, 0x00000000e4a00000| Untracked 
|  75|0x00000000e4b00000, 0x00000000e4b00000, 0x00000000e4c00000|  0%| F|  |TAMS 0x00000000e4b00000, 0x00000000e4b00000| Untracked 
|  76|0x00000000e4c00000, 0x00000000e4c00000, 0x00000000e4d00000|  0%| F|  |TAMS 0x00000000e4c00000, 0x00000000e4c00000| Untracked 
|  77|0x00000000e4d00000, 0x00000000e4d00000, 0x00000000e4e00000|  0%| F|  |TAMS 0x00000000e4d00000, 0x00000000e4d00000| Untracked 
|  78|0x00000000e4e00000, 0x00000000e4e00000, 0x00000000e4f00000|  0%| F|  |TAMS 0x00000000e4e00000, 0x00000000e4e00000| Untracked 
|  79|0x00000000e4f00000, 0x00000000e4f00000, 0x00000000e5000000|  0%| F|  |TAMS 0x00000000e4f00000, 0x00000000e4f00000| Untracked 
|  80|0x00000000e5000000, 0x00000000e5000000, 0x00000000e5100000|  0%| F|  |TAMS 0x00000000e5000000, 0x00000000e5000000| Untracked 
|  81|0x00000000e5100000, 0x00000000e5100000, 0x00000000e5200000|  0%| F|  |TAMS 0x00000000e5100000, 0x00000000e5100000| Untracked 
|  82|0x00000000e5200000, 0x00000000e5200000, 0x00000000e5300000|  0%| F|  |TAMS 0x00000000e5200000, 0x00000000e5200000| Untracked 
|  83|0x00000000e5300000, 0x00000000e5300000, 0x00000000e5400000|  0%| F|  |TAMS 0x00000000e5300000, 0x00000000e5300000| Untracked 
|  84|0x00000000e5400000, 0x00000000e5400000, 0x00000000e5500000|  0%| F|  |TAMS 0x00000000e5400000, 0x00000000e5400000| Untracked 
|  85|0x00000000e5500000, 0x00000000e5500000, 0x00000000e5600000|  0%| F|  |TAMS 0x00000000e5500000, 0x00000000e5500000| Untracked 
|  86|0x00000000e5600000, 0x00000000e5600000, 0x00000000e5700000|  0%| F|  |TAMS 0x00000000e5600000, 0x00000000e5600000| Untracked 
|  87|0x00000000e5700000, 0x00000000e5700000, 0x00000000e5800000|  0%| F|  |TAMS 0x00000000e5700000, 0x00000000e5700000| Untracked 
|  88|0x00000000e5800000, 0x00000000e5800000, 0x00000000e5900000|  0%| F|  |TAMS 0x00000000e5800000, 0x00000000e5800000| Untracked 
|  89|0x00000000e5900000, 0x00000000e599c870, 0x00000000e5a00000| 61%| S|CS|TAMS 0x00000000e5900000, 0x00000000e5900000| Complete 
|  90|0x00000000e5a00000, 0x00000000e5b00000, 0x00000000e5b00000|100%| S|CS|TAMS 0x00000000e5a00000, 0x00000000e5a00000| Complete 
|  91|0x00000000e5b00000, 0x00000000e5c00000, 0x00000000e5c00000|100%| S|CS|TAMS 0x00000000e5b00000, 0x00000000e5b00000| Complete 
|  92|0x00000000e5c00000, 0x00000000e5d00000, 0x00000000e5d00000|100%| S|CS|TAMS 0x00000000e5c00000, 0x00000000e5c00000| Complete 
|  93|0x00000000e5d00000, 0x00000000e5e00000, 0x00000000e5e00000|100%| S|CS|TAMS 0x00000000e5d00000, 0x00000000e5d00000| Complete 
|  94|0x00000000e5e00000, 0x00000000e5f00000, 0x00000000e5f00000|100%| S|CS|TAMS 0x00000000e5e00000, 0x00000000e5e00000| Complete 
|  95|0x00000000e5f00000, 0x00000000e6000000, 0x00000000e6000000|100%| S|CS|TAMS 0x00000000e5f00000, 0x00000000e5f00000| Complete 
|  96|0x00000000e6000000, 0x00000000e6100000, 0x00000000e6100000|100%| S|CS|TAMS 0x00000000e6000000, 0x00000000e6000000| Complete 
|  97|0x00000000e6100000, 0x00000000e6200000, 0x00000000e6200000|100%| S|CS|TAMS 0x00000000e6100000, 0x00000000e6100000| Complete 
|  98|0x00000000e6200000, 0x00000000e6300000, 0x00000000e6300000|100%| S|CS|TAMS 0x00000000e6200000, 0x00000000e6200000| Complete 
|  99|0x00000000e6300000, 0x00000000e6400000, 0x00000000e6400000|100%| S|CS|TAMS 0x00000000e6300000, 0x00000000e6300000| Complete 
| 100|0x00000000e6400000, 0x00000000e6500000, 0x00000000e6500000|100%| S|CS|TAMS 0x00000000e6400000, 0x00000000e6400000| Complete 
| 101|0x00000000e6500000, 0x00000000e6600000, 0x00000000e6600000|100%| S|CS|TAMS 0x00000000e6500000, 0x00000000e6500000| Complete 
| 102|0x00000000e6600000, 0x00000000e6700000, 0x00000000e6700000|100%| S|CS|TAMS 0x00000000e6600000, 0x00000000e6600000| Complete 
| 103|0x00000000e6700000, 0x00000000e6700000, 0x00000000e6800000|  0%| F|  |TAMS 0x00000000e6700000, 0x00000000e6700000| Untracked 
| 104|0x00000000e6800000, 0x00000000e6800000, 0x00000000e6900000|  0%| F|  |TAMS 0x00000000e6800000, 0x00000000e6800000| Untracked 
| 105|0x00000000e6900000, 0x00000000e6900000, 0x00000000e6a00000|  0%| F|  |TAMS 0x00000000e6900000, 0x00000000e6900000| Untracked 
| 106|0x00000000e6a00000, 0x00000000e6a00000, 0x00000000e6b00000|  0%| F|  |TAMS 0x00000000e6a00000, 0x00000000e6a00000| Untracked 
| 107|0x00000000e6b00000, 0x00000000e6b00000, 0x00000000e6c00000|  0%| F|  |TAMS 0x00000000e6b00000, 0x00000000e6b00000| Untracked 
| 108|0x00000000e6c00000, 0x00000000e6c00000, 0x00000000e6d00000|  0%| F|  |TAMS 0x00000000e6c00000, 0x00000000e6c00000| Untracked 
| 109|0x00000000e6d00000, 0x00000000e6d00000, 0x00000000e6e00000|  0%| F|  |TAMS 0x00000000e6d00000, 0x00000000e6d00000| Untracked 
| 110|0x00000000e6e00000, 0x00000000e6e00000, 0x00000000e6f00000|  0%| F|  |TAMS 0x00000000e6e00000, 0x00000000e6e00000| Untracked 
| 111|0x00000000e6f00000, 0x00000000e6f00000, 0x00000000e7000000|  0%| F|  |TAMS 0x00000000e6f00000, 0x00000000e6f00000| Untracked 
| 112|0x00000000e7000000, 0x00000000e7000000, 0x00000000e7100000|  0%| F|  |TAMS 0x00000000e7000000, 0x00000000e7000000| Untracked 
| 113|0x00000000e7100000, 0x00000000e7100000, 0x00000000e7200000|  0%| F|  |TAMS 0x00000000e7100000, 0x00000000e7100000| Untracked 
| 114|0x00000000e7200000, 0x00000000e7200000, 0x00000000e7300000|  0%| F|  |TAMS 0x00000000e7200000, 0x00000000e7200000| Untracked 
| 115|0x00000000e7300000, 0x00000000e7300000, 0x00000000e7400000|  0%| F|  |TAMS 0x00000000e7300000, 0x00000000e7300000| Untracked 
| 116|0x00000000e7400000, 0x00000000e7400000, 0x00000000e7500000|  0%| F|  |TAMS 0x00000000e7400000, 0x00000000e7400000| Untracked 
| 117|0x00000000e7500000, 0x00000000e7500000, 0x00000000e7600000|  0%| F|  |TAMS 0x00000000e7500000, 0x00000000e7500000| Untracked 
| 118|0x00000000e7600000, 0x00000000e7600000, 0x00000000e7700000|  0%| F|  |TAMS 0x00000000e7600000, 0x00000000e7600000| Untracked 
| 119|0x00000000e7700000, 0x00000000e7700000, 0x00000000e7800000|  0%| F|  |TAMS 0x00000000e7700000, 0x00000000e7700000| Untracked 
| 120|0x00000000e7800000, 0x00000000e7800000, 0x00000000e7900000|  0%| F|  |TAMS 0x00000000e7800000, 0x00000000e7800000| Untracked 
| 121|0x00000000e7900000, 0x00000000e7900000, 0x00000000e7a00000|  0%| F|  |TAMS 0x00000000e7900000, 0x00000000e7900000| Untracked 
| 122|0x00000000e7a00000, 0x00000000e7a00000, 0x00000000e7b00000|  0%| F|  |TAMS 0x00000000e7a00000, 0x00000000e7a00000| Untracked 
| 123|0x00000000e7b00000, 0x00000000e7b00000, 0x00000000e7c00000|  0%| F|  |TAMS 0x00000000e7b00000, 0x00000000e7b00000| Untracked 
| 124|0x00000000e7c00000, 0x00000000e7c00000, 0x00000000e7d00000|  0%| F|  |TAMS 0x00000000e7c00000, 0x00000000e7c00000| Untracked 
| 125|0x00000000e7d00000, 0x00000000e7d00000, 0x00000000e7e00000|  0%| F|  |TAMS 0x00000000e7d00000, 0x00000000e7d00000| Untracked 
| 126|0x00000000e7e00000, 0x00000000e7e00000, 0x00000000e7f00000|  0%| F|  |TAMS 0x00000000e7e00000, 0x00000000e7e00000| Untracked 
| 127|0x00000000e7f00000, 0x00000000e7f00000, 0x00000000e8000000|  0%| F|  |TAMS 0x00000000e7f00000, 0x00000000e7f00000| Untracked 
| 128|0x00000000e8000000, 0x00000000e8000000, 0x00000000e8100000|  0%| F|  |TAMS 0x00000000e8000000, 0x00000000e8000000| Untracked 
| 129|0x00000000e8100000, 0x00000000e8100000, 0x00000000e8200000|  0%| F|  |TAMS 0x00000000e8100000, 0x00000000e8100000| Untracked 
| 130|0x00000000e8200000, 0x00000000e8200000, 0x00000000e8300000|  0%| F|  |TAMS 0x00000000e8200000, 0x00000000e8200000| Untracked 
| 131|0x00000000e8300000, 0x00000000e8300000, 0x00000000e8400000|  0%| F|  |TAMS 0x00000000e8300000, 0x00000000e8300000| Untracked 
| 132|0x00000000e8400000, 0x00000000e8400000, 0x00000000e8500000|  0%| F|  |TAMS 0x00000000e8400000, 0x00000000e8400000| Untracked 
| 133|0x00000000e8500000, 0x00000000e8500000, 0x00000000e8600000|  0%| F|  |TAMS 0x00000000e8500000, 0x00000000e8500000| Untracked 
| 134|0x00000000e8600000, 0x00000000e8600000, 0x00000000e8700000|  0%| F|  |TAMS 0x00000000e8600000, 0x00000000e8600000| Untracked 
| 135|0x00000000e8700000, 0x00000000e8700000, 0x00000000e8800000|  0%| F|  |TAMS 0x00000000e8700000, 0x00000000e8700000| Untracked 
| 136|0x00000000e8800000, 0x00000000e8800000, 0x00000000e8900000|  0%| F|  |TAMS 0x00000000e8800000, 0x00000000e8800000| Untracked 
| 137|0x00000000e8900000, 0x00000000e8900000, 0x00000000e8a00000|  0%| F|  |TAMS 0x00000000e8900000, 0x00000000e8900000| Untracked 
| 138|0x00000000e8a00000, 0x00000000e8a00000, 0x00000000e8b00000|  0%| F|  |TAMS 0x00000000e8a00000, 0x00000000e8a00000| Untracked 
| 139|0x00000000e8b00000, 0x00000000e8b00000, 0x00000000e8c00000|  0%| F|  |TAMS 0x00000000e8b00000, 0x00000000e8b00000| Untracked 
| 140|0x00000000e8c00000, 0x00000000e8c00000, 0x00000000e8d00000|  0%| F|  |TAMS 0x00000000e8c00000, 0x00000000e8c00000| Untracked 
| 141|0x00000000e8d00000, 0x00000000e8d00000, 0x00000000e8e00000|  0%| F|  |TAMS 0x00000000e8d00000, 0x00000000e8d00000| Untracked 
| 142|0x00000000e8e00000, 0x00000000e8e00000, 0x00000000e8f00000|  0%| F|  |TAMS 0x00000000e8e00000, 0x00000000e8e00000| Untracked 
| 143|0x00000000e8f00000, 0x00000000e8f00000, 0x00000000e9000000|  0%| F|  |TAMS 0x00000000e8f00000, 0x00000000e8f00000| Untracked 
| 144|0x00000000e9000000, 0x00000000e9000000, 0x00000000e9100000|  0%| F|  |TAMS 0x00000000e9000000, 0x00000000e9000000| Untracked 
| 145|0x00000000e9100000, 0x00000000e9100000, 0x00000000e9200000|  0%| F|  |TAMS 0x00000000e9100000, 0x00000000e9100000| Untracked 
| 146|0x00000000e9200000, 0x00000000e9200000, 0x00000000e9300000|  0%| F|  |TAMS 0x00000000e9200000, 0x00000000e9200000| Untracked 
| 147|0x00000000e9300000, 0x00000000e9300000, 0x00000000e9400000|  0%| F|  |TAMS 0x00000000e9300000, 0x00000000e9300000| Untracked 
| 148|0x00000000e9400000, 0x00000000e9400000, 0x00000000e9500000|  0%| F|  |TAMS 0x00000000e9400000, 0x00000000e9400000| Untracked 
| 149|0x00000000e9500000, 0x00000000e9500000, 0x00000000e9600000|  0%| F|  |TAMS 0x00000000e9500000, 0x00000000e9500000| Untracked 
| 150|0x00000000e9600000, 0x00000000e9600000, 0x00000000e9700000|  0%| F|  |TAMS 0x00000000e9600000, 0x00000000e9600000| Untracked 
| 151|0x00000000e9700000, 0x00000000e9700000, 0x00000000e9800000|  0%| F|  |TAMS 0x00000000e9700000, 0x00000000e9700000| Untracked 
| 152|0x00000000e9800000, 0x00000000e9800000, 0x00000000e9900000|  0%| F|  |TAMS 0x00000000e9800000, 0x00000000e9800000| Untracked 
| 153|0x00000000e9900000, 0x00000000e9900000, 0x00000000e9a00000|  0%| F|  |TAMS 0x00000000e9900000, 0x00000000e9900000| Untracked 
| 154|0x00000000e9a00000, 0x00000000e9a00000, 0x00000000e9b00000|  0%| F|  |TAMS 0x00000000e9a00000, 0x00000000e9a00000| Untracked 
| 155|0x00000000e9b00000, 0x00000000e9b00000, 0x00000000e9c00000|  0%| F|  |TAMS 0x00000000e9b00000, 0x00000000e9b00000| Untracked 
| 156|0x00000000e9c00000, 0x00000000e9c00000, 0x00000000e9d00000|  0%| F|  |TAMS 0x00000000e9c00000, 0x00000000e9c00000| Untracked 
| 157|0x00000000e9d00000, 0x00000000e9d00000, 0x00000000e9e00000|  0%| F|  |TAMS 0x00000000e9d00000, 0x00000000e9d00000| Untracked 
| 158|0x00000000e9e00000, 0x00000000e9e00000, 0x00000000e9f00000|  0%| F|  |TAMS 0x00000000e9e00000, 0x00000000e9e00000| Untracked 
| 159|0x00000000e9f00000, 0x00000000e9f00000, 0x00000000ea000000|  0%| F|  |TAMS 0x00000000e9f00000, 0x00000000e9f00000| Untracked 
| 160|0x00000000ea000000, 0x00000000ea000000, 0x00000000ea100000|  0%| F|  |TAMS 0x00000000ea000000, 0x00000000ea000000| Untracked 
| 161|0x00000000ea100000, 0x00000000ea100000, 0x00000000ea200000|  0%| F|  |TAMS 0x00000000ea100000, 0x00000000ea100000| Untracked 
| 162|0x00000000ea200000, 0x00000000ea200000, 0x00000000ea300000|  0%| F|  |TAMS 0x00000000ea200000, 0x00000000ea200000| Untracked 
| 163|0x00000000ea300000, 0x00000000ea300000, 0x00000000ea400000|  0%| F|  |TAMS 0x00000000ea300000, 0x00000000ea300000| Untracked 
| 164|0x00000000ea400000, 0x00000000ea400000, 0x00000000ea500000|  0%| F|  |TAMS 0x00000000ea400000, 0x00000000ea400000| Untracked 
| 165|0x00000000ea500000, 0x00000000ea500000, 0x00000000ea600000|  0%| F|  |TAMS 0x00000000ea500000, 0x00000000ea500000| Untracked 
| 166|0x00000000ea600000, 0x00000000ea600000, 0x00000000ea700000|  0%| F|  |TAMS 0x00000000ea600000, 0x00000000ea600000| Untracked 
| 167|0x00000000ea700000, 0x00000000ea700000, 0x00000000ea800000|  0%| F|  |TAMS 0x00000000ea700000, 0x00000000ea700000| Untracked 
| 168|0x00000000ea800000, 0x00000000ea800000, 0x00000000ea900000|  0%| F|  |TAMS 0x00000000ea800000, 0x00000000ea800000| Untracked 
| 169|0x00000000ea900000, 0x00000000ea900000, 0x00000000eaa00000|  0%| F|  |TAMS 0x00000000ea900000, 0x00000000ea900000| Untracked 
| 170|0x00000000eaa00000, 0x00000000eaa00000, 0x00000000eab00000|  0%| F|  |TAMS 0x00000000eaa00000, 0x00000000eaa00000| Untracked 
| 171|0x00000000eab00000, 0x00000000eab00000, 0x00000000eac00000|  0%| F|  |TAMS 0x00000000eab00000, 0x00000000eab00000| Untracked 
| 172|0x00000000eac00000, 0x00000000eac00000, 0x00000000ead00000|  0%| F|  |TAMS 0x00000000eac00000, 0x00000000eac00000| Untracked 
| 173|0x00000000ead00000, 0x00000000ead00000, 0x00000000eae00000|  0%| F|  |TAMS 0x00000000ead00000, 0x00000000ead00000| Untracked 
| 174|0x00000000eae00000, 0x00000000eae00000, 0x00000000eaf00000|  0%| F|  |TAMS 0x00000000eae00000, 0x00000000eae00000| Untracked 
| 175|0x00000000eaf00000, 0x00000000eaf00000, 0x00000000eb000000|  0%| F|  |TAMS 0x00000000eaf00000, 0x00000000eaf00000| Untracked 
| 176|0x00000000eb000000, 0x00000000eb000000, 0x00000000eb100000|  0%| F|  |TAMS 0x00000000eb000000, 0x00000000eb000000| Untracked 
| 177|0x00000000eb100000, 0x00000000eb100000, 0x00000000eb200000|  0%| F|  |TAMS 0x00000000eb100000, 0x00000000eb100000| Untracked 
| 178|0x00000000eb200000, 0x00000000eb200000, 0x00000000eb300000|  0%| F|  |TAMS 0x00000000eb200000, 0x00000000eb200000| Untracked 
| 179|0x00000000eb300000, 0x00000000eb300000, 0x00000000eb400000|  0%| F|  |TAMS 0x00000000eb300000, 0x00000000eb300000| Untracked 
| 180|0x00000000eb400000, 0x00000000eb400000, 0x00000000eb500000|  0%| F|  |TAMS 0x00000000eb400000, 0x00000000eb400000| Untracked 
| 181|0x00000000eb500000, 0x00000000eb500000, 0x00000000eb600000|  0%| F|  |TAMS 0x00000000eb500000, 0x00000000eb500000| Untracked 
| 182|0x00000000eb600000, 0x00000000eb600000, 0x00000000eb700000|  0%| F|  |TAMS 0x00000000eb600000, 0x00000000eb600000| Untracked 
| 183|0x00000000eb700000, 0x00000000eb700000, 0x00000000eb800000|  0%| F|  |TAMS 0x00000000eb700000, 0x00000000eb700000| Untracked 
| 184|0x00000000eb800000, 0x00000000eb800000, 0x00000000eb900000|  0%| F|  |TAMS 0x00000000eb800000, 0x00000000eb800000| Untracked 
| 185|0x00000000eb900000, 0x00000000eb900000, 0x00000000eba00000|  0%| F|  |TAMS 0x00000000eb900000, 0x00000000eb900000| Untracked 
| 186|0x00000000eba00000, 0x00000000eba00000, 0x00000000ebb00000|  0%| F|  |TAMS 0x00000000eba00000, 0x00000000eba00000| Untracked 
| 187|0x00000000ebb00000, 0x00000000ebb00000, 0x00000000ebc00000|  0%| F|  |TAMS 0x00000000ebb00000, 0x00000000ebb00000| Untracked 
| 188|0x00000000ebc00000, 0x00000000ebc00000, 0x00000000ebd00000|  0%| F|  |TAMS 0x00000000ebc00000, 0x00000000ebc00000| Untracked 
| 189|0x00000000ebd00000, 0x00000000ebd00000, 0x00000000ebe00000|  0%| F|  |TAMS 0x00000000ebd00000, 0x00000000ebd00000| Untracked 
| 190|0x00000000ebe00000, 0x00000000ebe00000, 0x00000000ebf00000|  0%| F|  |TAMS 0x00000000ebe00000, 0x00000000ebe00000| Untracked 
| 191|0x00000000ebf00000, 0x00000000ebf00000, 0x00000000ec000000|  0%| F|  |TAMS 0x00000000ebf00000, 0x00000000ebf00000| Untracked 
| 192|0x00000000ec000000, 0x00000000ec000000, 0x00000000ec100000|  0%| F|  |TAMS 0x00000000ec000000, 0x00000000ec000000| Untracked 
| 193|0x00000000ec100000, 0x00000000ec100000, 0x00000000ec200000|  0%| F|  |TAMS 0x00000000ec100000, 0x00000000ec100000| Untracked 
| 194|0x00000000ec200000, 0x00000000ec200000, 0x00000000ec300000|  0%| F|  |TAMS 0x00000000ec200000, 0x00000000ec200000| Untracked 
| 195|0x00000000ec300000, 0x00000000ec300000, 0x00000000ec400000|  0%| F|  |TAMS 0x00000000ec300000, 0x00000000ec300000| Untracked 
| 196|0x00000000ec400000, 0x00000000ec400000, 0x00000000ec500000|  0%| F|  |TAMS 0x00000000ec400000, 0x00000000ec400000| Untracked 
| 197|0x00000000ec500000, 0x00000000ec500000, 0x00000000ec600000|  0%| F|  |TAMS 0x00000000ec500000, 0x00000000ec500000| Untracked 
| 198|0x00000000ec600000, 0x00000000ec600000, 0x00000000ec700000|  0%| F|  |TAMS 0x00000000ec600000, 0x00000000ec600000| Untracked 
| 199|0x00000000ec700000, 0x00000000ec700000, 0x00000000ec800000|  0%| F|  |TAMS 0x00000000ec700000, 0x00000000ec700000| Untracked 
| 200|0x00000000ec800000, 0x00000000ec83bdf0, 0x00000000ec900000| 23%| E|  |TAMS 0x00000000ec800000, 0x00000000ec800000| Complete 
| 201|0x00000000ec900000, 0x00000000eca00000, 0x00000000eca00000|100%| E|CS|TAMS 0x00000000ec900000, 0x00000000ec900000| Complete 
| 202|0x00000000eca00000, 0x00000000ecb00000, 0x00000000ecb00000|100%| E|CS|TAMS 0x00000000eca00000, 0x00000000eca00000| Complete 
| 203|0x00000000ecb00000, 0x00000000ecc00000, 0x00000000ecc00000|100%| E|CS|TAMS 0x00000000ecb00000, 0x00000000ecb00000| Complete 
| 204|0x00000000ecc00000, 0x00000000ecd00000, 0x00000000ecd00000|100%| E|CS|TAMS 0x00000000ecc00000, 0x00000000ecc00000| Complete 
| 205|0x00000000ecd00000, 0x00000000ece00000, 0x00000000ece00000|100%| E|CS|TAMS 0x00000000ecd00000, 0x00000000ecd00000| Complete 
| 206|0x00000000ece00000, 0x00000000ecf00000, 0x00000000ecf00000|100%| E|CS|TAMS 0x00000000ece00000, 0x00000000ece00000| Complete 
| 207|0x00000000ecf00000, 0x00000000ed000000, 0x00000000ed000000|100%| E|CS|TAMS 0x00000000ecf00000, 0x00000000ecf00000| Complete 
| 208|0x00000000ed000000, 0x00000000ed100000, 0x00000000ed100000|100%| E|CS|TAMS 0x00000000ed000000, 0x00000000ed000000| Complete 
| 209|0x00000000ed100000, 0x00000000ed200000, 0x00000000ed200000|100%| E|CS|TAMS 0x00000000ed100000, 0x00000000ed100000| Complete 
| 210|0x00000000ed200000, 0x00000000ed300000, 0x00000000ed300000|100%| E|CS|TAMS 0x00000000ed200000, 0x00000000ed200000| Complete 
| 211|0x00000000ed300000, 0x00000000ed400000, 0x00000000ed400000|100%| E|CS|TAMS 0x00000000ed300000, 0x00000000ed300000| Complete 
| 212|0x00000000ed400000, 0x00000000ed500000, 0x00000000ed500000|100%| E|CS|TAMS 0x00000000ed400000, 0x00000000ed400000| Complete 
| 213|0x00000000ed500000, 0x00000000ed600000, 0x00000000ed600000|100%| E|CS|TAMS 0x00000000ed500000, 0x00000000ed500000| Complete 
| 214|0x00000000ed600000, 0x00000000ed700000, 0x00000000ed700000|100%| E|CS|TAMS 0x00000000ed600000, 0x00000000ed600000| Complete 
| 215|0x00000000ed700000, 0x00000000ed800000, 0x00000000ed800000|100%| E|CS|TAMS 0x00000000ed700000, 0x00000000ed700000| Complete 
| 216|0x00000000ed800000, 0x00000000ed900000, 0x00000000ed900000|100%| E|CS|TAMS 0x00000000ed800000, 0x00000000ed800000| Complete 
| 217|0x00000000ed900000, 0x00000000eda00000, 0x00000000eda00000|100%| E|CS|TAMS 0x00000000ed900000, 0x00000000ed900000| Complete 
| 218|0x00000000eda00000, 0x00000000edb00000, 0x00000000edb00000|100%| E|CS|TAMS 0x00000000eda00000, 0x00000000eda00000| Complete 
| 219|0x00000000edb00000, 0x00000000edc00000, 0x00000000edc00000|100%| E|CS|TAMS 0x00000000edb00000, 0x00000000edb00000| Complete 
| 220|0x00000000edc00000, 0x00000000edd00000, 0x00000000edd00000|100%| E|CS|TAMS 0x00000000edc00000, 0x00000000edc00000| Complete 
| 221|0x00000000edd00000, 0x00000000ede00000, 0x00000000ede00000|100%| E|CS|TAMS 0x00000000edd00000, 0x00000000edd00000| Complete 
| 222|0x00000000ede00000, 0x00000000edf00000, 0x00000000edf00000|100%| E|CS|TAMS 0x00000000ede00000, 0x00000000ede00000| Complete 
| 223|0x00000000edf00000, 0x00000000ee000000, 0x00000000ee000000|100%| E|CS|TAMS 0x00000000edf00000, 0x00000000edf00000| Complete 
| 224|0x00000000ee000000, 0x00000000ee100000, 0x00000000ee100000|100%| E|CS|TAMS 0x00000000ee000000, 0x00000000ee000000| Complete 
| 225|0x00000000ee100000, 0x00000000ee200000, 0x00000000ee200000|100%| E|CS|TAMS 0x00000000ee100000, 0x00000000ee100000| Complete 
| 226|0x00000000ee200000, 0x00000000ee300000, 0x00000000ee300000|100%| E|CS|TAMS 0x00000000ee200000, 0x00000000ee200000| Complete 
| 227|0x00000000ee300000, 0x00000000ee400000, 0x00000000ee400000|100%| E|CS|TAMS 0x00000000ee300000, 0x00000000ee300000| Complete 
| 228|0x00000000ee400000, 0x00000000ee500000, 0x00000000ee500000|100%| E|CS|TAMS 0x00000000ee400000, 0x00000000ee400000| Complete 
| 229|0x00000000ee500000, 0x00000000ee600000, 0x00000000ee600000|100%| E|CS|TAMS 0x00000000ee500000, 0x00000000ee500000| Complete 
| 230|0x00000000ee600000, 0x00000000ee700000, 0x00000000ee700000|100%| E|CS|TAMS 0x00000000ee600000, 0x00000000ee600000| Complete 
| 231|0x00000000ee700000, 0x00000000ee800000, 0x00000000ee800000|100%| E|CS|TAMS 0x00000000ee700000, 0x00000000ee700000| Complete 
| 232|0x00000000ee800000, 0x00000000ee900000, 0x00000000ee900000|100%| E|CS|TAMS 0x00000000ee800000, 0x00000000ee800000| Complete 
| 233|0x00000000ee900000, 0x00000000eea00000, 0x00000000eea00000|100%| E|CS|TAMS 0x00000000ee900000, 0x00000000ee900000| Complete 
| 234|0x00000000eea00000, 0x00000000eeb00000, 0x00000000eeb00000|100%| E|CS|TAMS 0x00000000eea00000, 0x00000000eea00000| Complete 
| 235|0x00000000eeb00000, 0x00000000eec00000, 0x00000000eec00000|100%| E|CS|TAMS 0x00000000eeb00000, 0x00000000eeb00000| Complete 
| 236|0x00000000eec00000, 0x00000000eed00000, 0x00000000eed00000|100%| E|CS|TAMS 0x00000000eec00000, 0x00000000eec00000| Complete 
| 237|0x00000000eed00000, 0x00000000eee00000, 0x00000000eee00000|100%| E|CS|TAMS 0x00000000eed00000, 0x00000000eed00000| Complete 
| 238|0x00000000eee00000, 0x00000000eef00000, 0x00000000eef00000|100%| E|CS|TAMS 0x00000000eee00000, 0x00000000eee00000| Complete 
| 239|0x00000000eef00000, 0x00000000ef000000, 0x00000000ef000000|100%| E|CS|TAMS 0x00000000eef00000, 0x00000000eef00000| Complete 
| 240|0x00000000ef000000, 0x00000000ef100000, 0x00000000ef100000|100%| E|CS|TAMS 0x00000000ef000000, 0x00000000ef000000| Complete 
| 241|0x00000000ef100000, 0x00000000ef200000, 0x00000000ef200000|100%| E|CS|TAMS 0x00000000ef100000, 0x00000000ef100000| Complete 
| 242|0x00000000ef200000, 0x00000000ef300000, 0x00000000ef300000|100%| E|CS|TAMS 0x00000000ef200000, 0x00000000ef200000| Complete 
| 243|0x00000000ef300000, 0x00000000ef400000, 0x00000000ef400000|100%| E|CS|TAMS 0x00000000ef300000, 0x00000000ef300000| Complete 
| 244|0x00000000ef400000, 0x00000000ef500000, 0x00000000ef500000|100%| E|CS|TAMS 0x00000000ef400000, 0x00000000ef400000| Complete 
| 245|0x00000000ef500000, 0x00000000ef600000, 0x00000000ef600000|100%| E|CS|TAMS 0x00000000ef500000, 0x00000000ef500000| Complete 
| 246|0x00000000ef600000, 0x00000000ef700000, 0x00000000ef700000|100%| E|CS|TAMS 0x00000000ef600000, 0x00000000ef600000| Complete 
| 247|0x00000000ef700000, 0x00000000ef800000, 0x00000000ef800000|100%| E|CS|TAMS 0x00000000ef700000, 0x00000000ef700000| Complete 
| 248|0x00000000ef800000, 0x00000000ef900000, 0x00000000ef900000|100%| E|CS|TAMS 0x00000000ef800000, 0x00000000ef800000| Complete 
| 249|0x00000000ef900000, 0x00000000efa00000, 0x00000000efa00000|100%| E|CS|TAMS 0x00000000ef900000, 0x00000000ef900000| Complete 
| 250|0x00000000efa00000, 0x00000000efb00000, 0x00000000efb00000|100%| E|CS|TAMS 0x00000000efa00000, 0x00000000efa00000| Complete 
| 251|0x00000000efb00000, 0x00000000efc00000, 0x00000000efc00000|100%| E|CS|TAMS 0x00000000efb00000, 0x00000000efb00000| Complete 
| 252|0x00000000efc00000, 0x00000000efd00000, 0x00000000efd00000|100%| E|CS|TAMS 0x00000000efc00000, 0x00000000efc00000| Complete 
| 253|0x00000000efd00000, 0x00000000efe00000, 0x00000000efe00000|100%| E|CS|TAMS 0x00000000efd00000, 0x00000000efd00000| Complete 
| 254|0x00000000efe00000, 0x00000000eff00000, 0x00000000eff00000|100%| E|CS|TAMS 0x00000000efe00000, 0x00000000efe00000| Complete 
| 255|0x00000000eff00000, 0x00000000f0000000, 0x00000000f0000000|100%| E|CS|TAMS 0x00000000eff00000, 0x00000000eff00000| Complete 

Card table byte_map: [0x000001dca9d00000,0x000001dca9e00000] _byte_map_base: 0x000001dca9600000

Marking Bits (Prev, Next): (CMBitMap*) 0x000001dc92746a78, (CMBitMap*) 0x000001dc92746ab0
 Prev Bits: [0x000001dca9f00000, 0x000001dcaa700000)
 Next Bits: [0x000001dcaa700000, 0x000001dcaaf00000)

Polling page: 0x000001dc90620000

Metaspace:

Usage:
  Non-class:     48.30 MB capacity,    47.24 MB ( 98%) used,   927.38 KB (  2%) free+waste,   149.06 KB ( <1%) overhead. 
      Class:      7.37 MB capacity,     6.82 MB ( 92%) used,   497.81 KB (  7%) free+waste,    69.19 KB ( <1%) overhead. 
       Both:     55.67 MB capacity,    54.06 MB ( 97%) used,     1.39 MB (  3%) free+waste,   218.25 KB ( <1%) overhead. 

Virtual space:
  Non-class space:       50.00 MB reserved,      48.42 MB ( 97%) committed 
      Class space:      248.00 MB reserved,       7.38 MB (  3%) committed 
             Both:      298.00 MB reserved,      55.80 MB ( 19%) committed 

Chunk freelists:
   Non-Class:  128 bytes
       Class:  512 bytes
        Both:  640 bytes

CodeHeap 'non-profiled nmethods': size=120064Kb used=4827Kb max_used=4827Kb free=115237Kb
 bounds [0x000001dca25b0000, 0x000001dca2a70000, 0x000001dca9af0000]
CodeHeap 'profiled nmethods': size=120000Kb used=17645Kb max_used=17645Kb free=102354Kb
 bounds [0x000001dc9b080000, 0x000001dc9c1d0000, 0x000001dca25b0000]
CodeHeap 'non-nmethods': size=5696Kb used=2211Kb max_used=2268Kb free=3484Kb
 bounds [0x000001dc9aaf0000, 0x000001dc9ad60000, 0x000001dc9b080000]
 total_blobs=12505 nmethods=8388 adapters=686
 compilation: enabled
              stopped_count=0, restarted_count=0
 full_count=0

Compilation events (10 events):
Event: 2561.888 Thread 0x000001dcadfc1000 nmethod 9404 0x000001dc9c1c7290 code [0x000001dc9c1c7520, 0x000001dc9c1c8120]
Event: 2561.985 Thread 0x000001dcadfc1000 9405   !   3       org.gradle.launcher.daemon.server.DaemonRegistryUnavailableExpirationStrategy::checkExpiration (143 bytes)
Event: 2561.988 Thread 0x000001dcadfc1000 nmethod 9405 0x000001dc9c1c8510 code [0x000001dc9c1c8980, 0x000001dc9c1caec0]
Event: 2562.126 Thread 0x000001dcadfc1000 9406       3       com.google.common.collect.Lists$TransformingSequentialList::listIterator (19 bytes)
Event: 2562.126 Thread 0x000001dcadfc1000 nmethod 9406 0x000001dc9c1cbd90 code [0x000001dc9c1cbfa0, 0x000001dc9c1cc6e0]
Event: 2562.126 Thread 0x000001dcadfc1000 9407       3       com.google.common.collect.Lists$TransformingSequentialList$1::<init> (11 bytes)
Event: 2562.126 Thread 0x000001dcadfc1000 nmethod 9407 0x000001dc9c1cc910 code [0x000001dc9c1ccb00, 0x000001dc9c1cd090]
Event: 2562.126 Thread 0x000001dcadfc1000 9408       3       com.google.common.collect.TransformedListIterator::<init> (6 bytes)
Event: 2562.127 Thread 0x000001dcadfc1000 nmethod 9408 0x000001dc9c1cd210 code [0x000001dc9c1cd3e0, 0x000001dc9c1cd8b0]
Event: 2602.309 Thread 0x000001dcadfbe000 9409       4       java.util.concurrent.locks.AbstractQueuedSynchronizer::transferForSignal (45 bytes)

GC Heap History (10 events):
Event: 4.809 GC heap before
{Heap before GC invocations=8 (full 0):
 garbage-first heap   total 262144K, used 171320K [0x00000000e0000000, 0x0000000100000000)
  region size 1024K, 153 young (156672K), 7 survivors (7168K)
 Metaspace       used 45918K, capacity 47105K, committed 47408K, reserved 294912K
  class space    used 6040K, capacity 6471K, committed 6528K, reserved 253952K
}
Event: 4.817 GC heap after
{Heap after GC invocations=9 (full 0):
 garbage-first heap   total 262144K, used 30761K [0x00000000e0000000, 0x0000000100000000)
  region size 1024K, 16 young (16384K), 16 survivors (16384K)
 Metaspace       used 45918K, capacity 47105K, committed 47408K, reserved 294912K
  class space    used 6040K, capacity 6471K, committed 6528K, reserved 253952K
}
Event: 6.074 GC heap before
{Heap before GC invocations=9 (full 0):
 garbage-first heap   total 262144K, used 170025K [0x00000000e0000000, 0x0000000100000000)
  region size 1024K, 153 young (156672K), 16 survivors (16384K)
 Metaspace       used 51820K, capacity 53121K, committed 53296K, reserved 301056K
  class space    used 6700K, capacity 7222K, committed 7296K, reserved 253952K
}
Event: 6.085 GC heap after
{Heap after GC invocations=10 (full 0):
 garbage-first heap   total 262144K, used 39431K [0x00000000e0000000, 0x0000000100000000)
  region size 1024K, 18 young (18432K), 18 survivors (18432K)
 Metaspace       used 51820K, capacity 53121K, committed 53296K, reserved 301056K
  class space    used 6700K, capacity 7222K, committed 7296K, reserved 253952K
}
Event: 6.620 GC heap before
{Heap before GC invocations=10 (full 0):
 garbage-first heap   total 262144K, used 177671K [0x00000000e0000000, 0x0000000100000000)
  region size 1024K, 153 young (156672K), 18 survivors (18432K)
 Metaspace       used 52902K, capacity 54299K, committed 54448K, reserved 301056K
  class space    used 6827K, capacity 7353K, committed 7424K, reserved 253952K
}
Event: 6.630 GC heap after
{Heap after GC invocations=11 (full 0):
 garbage-first heap   total 262144K, used 43907K [0x00000000e0000000, 0x0000000100000000)
  region size 1024K, 13 young (13312K), 13 survivors (13312K)
 Metaspace       used 52902K, capacity 54299K, committed 54448K, reserved 301056K
  class space    used 6827K, capacity 7353K, committed 7424K, reserved 253952K
}
Event: 2252.722 GC heap before
{Heap before GC invocations=11 (full 0):
 garbage-first heap   total 262144K, used 186243K [0x00000000e0000000, 0x0000000100000000)
  region size 1024K, 153 young (156672K), 13 survivors (13312K)
 Metaspace       used 54561K, capacity 56038K, committed 56368K, reserved 303104K
  class space    used 6913K, capacity 7452K, committed 7552K, reserved 253952K
}
Event: 2252.757 GC heap after
{Heap after GC invocations=12 (full 0):
 garbage-first heap   total 262144K, used 47524K [0x00000000e0000000, 0x0000000100000000)
  region size 1024K, 10 young (10240K), 10 survivors (10240K)
 Metaspace       used 54561K, capacity 56038K, committed 56368K, reserved 303104K
  class space    used 6913K, capacity 7452K, committed 7552K, reserved 253952K
}
Event: 2253.243 GC heap before
{Heap before GC invocations=12 (full 0):
 garbage-first heap   total 262144K, used 193956K [0x00000000e0000000, 0x0000000100000000)
  region size 1024K, 153 young (156672K), 10 survivors (10240K)
 Metaspace       used 54853K, capacity 56438K, committed 56624K, reserved 303104K
  class space    used 6915K, capacity 7456K, committed 7552K, reserved 253952K
}
Event: 2253.256 GC heap after
{Heap after GC invocations=13 (full 0):
 garbage-first heap   total 262144K, used 51826K [0x00000000e0000000, 0x0000000100000000)
  region size 1024K, 14 young (14336K), 14 survivors (14336K)
 Metaspace       used 54853K, capacity 56438K, committed 56624K, reserved 303104K
  class space    used 6915K, capacity 7456K, committed 7552K, reserved 253952K
}

Deoptimization events (10 events):
Event: 2253.303 Thread 0x000001dcb06b6800 Uncommon trap: reason=unstable_if action=reinterpret pc=0x000001dca26e06b8 method=java.util.concurrent.ConcurrentHashMap.replaceNode(Ljava/lang/Object;Ljava/lang/Object;Ljava/lang/Object;)Ljava/lang/Object; @ 136 c2
Event: 2253.303 Thread 0x000001dcb06b6800 Uncommon trap: reason=unstable_if action=reinterpret pc=0x000001dca26ded28 method=java.lang.ref.SoftReference.get()Ljava/lang/Object; @ 6 c2
Event: 2253.319 Thread 0x000001dcb3861000 Uncommon trap: reason=unstable_if action=reinterpret pc=0x000001dca271a9a8 method=java.util.stream.AbstractPipeline.<init>(Ljava/util/stream/AbstractPipeline;I)V @ 69 c2
Event: 2253.361 Thread 0x000001dcb3861000 Uncommon trap: reason=class_check action=maybe_recompile pc=0x000001dca2614304 method=java.util.stream.Sink$ChainedReference.cancellationRequested()Z @ 4 c2
Event: 2253.361 Thread 0x000001dcb3861000 Uncommon trap: reason=class_check action=maybe_recompile pc=0x000001dca2614304 method=java.util.stream.Sink$ChainedReference.cancellationRequested()Z @ 4 c2
Event: 2253.361 Thread 0x000001dcb3861000 Uncommon trap: reason=class_check action=maybe_recompile pc=0x000001dca2614304 method=java.util.stream.Sink$ChainedReference.cancellationRequested()Z @ 4 c2
Event: 2253.361 Thread 0x000001dcb3861000 Uncommon trap: reason=class_check action=maybe_recompile pc=0x000001dca2614304 method=java.util.stream.Sink$ChainedReference.cancellationRequested()Z @ 4 c2
Event: 2255.054 Thread 0x000001dcb386a000 Uncommon trap: reason=null_check action=make_not_entrant pc=0x000001dca295aed4 method=org.gradle.internal.io.LinePerThreadBufferingOutputStream.getStream()Ljava/io/PrintStream; @ 7 c2
Event: 2311.805 Thread 0x000001dcb06b6800 Uncommon trap: reason=unstable_if action=reinterpret pc=0x000001dca296c2b4 method=java.util.concurrent.locks.AbstractQueuedSynchronizer$ConditionObject.awaitNanos(J)J @ 79 c2
Event: 2318.474 Thread 0x000001dcb386a000 Uncommon trap: reason=unstable_if action=reinterpret pc=0x000001dca2600c44 method=java.lang.StringUTF16.compress([CII)[B @ 13 c2

Classes redefined (0 events):
No events

Internal exceptions (10 events):
Event: 1243.662 Thread 0x000001dcafed0000 Exception <a 'java/lang/NoSuchMethodError'{0x00000000ecccded8}: static Lorg/gradle/internal/classloader/VisitableURLClassLoader$Spec;.<clinit>()V> (0x00000000ecccded8) thrown at [./open/src/hotspot/share/prims/jni.cpp, line 1362]
Event: 2253.141 Thread 0x000001dcb3861000 Implicit null exception at 0x000001dca28e63cf to 0x000001dca28e6422
Event: 2253.303 Thread 0x000001dcb06b6800 Implicit null exception at 0x000001dca26deb89 to 0x000001dca26ded12
Event: 2253.303 Thread 0x000001dcb06b6800 Exception <a 'java/lang/NoSuchMethodError'{0x00000000eff08488}: static Lorg/gradle/internal/build/event/types/DefaultTaskFinishedProgressEvent;.<clinit>()V> (0x00000000eff08488) thrown at [./open/src/hotspot/share/prims/jni.cpp, line 1362]
Event: 2253.304 Thread 0x000001dcb06b6800 Exception <a 'java/lang/NoSuchMethodError'{0x00000000ef090b68}: static Lorg/gradle/internal/build/event/types/DefaultTaskSuccessResult;.<clinit>()V> (0x00000000ef090b68) thrown at [./open/src/hotspot/share/prims/jni.cpp, line 1362]
Event: 2253.304 Thread 0x000001dcb06b6800 Exception <a 'java/lang/NoSuchMethodError'{0x00000000ef091e70}: static Lorg/gradle/internal/build/event/types/AbstractTaskResult;.<clinit>()V> (0x00000000ef091e70) thrown at [./open/src/hotspot/share/prims/jni.cpp, line 1362]
Event: 2253.305 Thread 0x000001dcb06b6800 Exception <a 'java/lang/NoSuchMethodError'{0x00000000ef093428}: static Lorg/gradle/internal/build/event/types/AbstractResult;.<clinit>()V> (0x00000000ef093428) thrown at [./open/src/hotspot/share/prims/jni.cpp, line 1362]
Event: 2253.355 Thread 0x000001dcb3861000 Exception <a 'java/lang/NoSuchMethodError'{0x00000000eee47678}: java.lang.invoke.DirectMethodHandle$Holder.invokeStaticInit(Ljava/lang/Object;)I> (0x00000000eee47678) thrown at [./open/src/hotspot/share/interpreter/linkResolver.cpp, line 772]
Event: 2253.362 Thread 0x000001dcb06b6800 Exception <a 'java/lang/NoSuchMethodError'{0x00000000eeed0300}: static [Ljava/lang/Object;.<clinit>()V> (0x00000000eeed0300) thrown at [./open/src/hotspot/share/prims/jni.cpp, line 1362]
Event: 2255.054 Thread 0x000001dcb386a000 Implicit null exception at 0x000001dca295a9c0 to 0x000001dca295aec6

Events (10 events):
Event: 2255.054 Thread 0x000001dcb386a000 DEOPT PACKING pc=0x000001dca295aed4 sp=0x0000009d326feac0
Event: 2255.054 Thread 0x000001dcb386a000 DEOPT UNPACKING pc=0x000001dc9ab18f2f sp=0x0000009d326fe9e0 mode 2
Event: 2311.805 Thread 0x000001dcb06b6800 Uncommon trap: trap_request=0xffffff4d fr.pc=0x000001dca296c2b4 relative=0x00000000000015d4
Event: 2311.805 Thread 0x000001dcb06b6800 DEOPT PACKING pc=0x000001dca296c2b4 sp=0x0000009d307feee0
Event: 2311.805 Thread 0x000001dcb06b6800 DEOPT UNPACKING pc=0x000001dc9ab18f2f sp=0x0000009d307feeb0 mode 2
Event: 2317.845 Thread 0x000001dcb386a000 DEOPT PACKING pc=0x000001dc9be5dc47 sp=0x0000009d326fe670
Event: 2317.845 Thread 0x000001dcb386a000 DEOPT UNPACKING pc=0x000001dc9ab18d4e sp=0x0000009d326fdbd0 mode 0
Event: 2318.474 Thread 0x000001dcb386a000 Uncommon trap: trap_request=0xffffff4d fr.pc=0x000001dca2600c44 relative=0x00000000000003a4
Event: 2318.474 Thread 0x000001dcb386a000 DEOPT PACKING pc=0x000001dca2600c44 sp=0x0000009d326fe810
Event: 2318.474 Thread 0x000001dcb386a000 DEOPT UNPACKING pc=0x000001dc9ab18f2f sp=0x0000009d326fe750 mode 2


Dynamic libraries:
0x00007ff673cb0000 - 0x00007ff673cf7000 	C:\Program Files\Java\jdk-11.0.7\bin\java.exe
0x00007ffbce900000 - 0x00007ffbceaf0000 	C:\Windows\SYSTEM32\ntdll.dll
0x00007ffbcd2b0000 - 0x00007ffbcd362000 	C:\Windows\System32\KERNEL32.DLL
0x00007ffbcc700000 - 0x00007ffbcc9a3000 	C:\Windows\System32\KERNELBASE.dll
0x00007ffbcda60000 - 0x00007ffbcdb03000 	C:\Windows\System32\ADVAPI32.dll
0x00007ffbcca60000 - 0x00007ffbccafe000 	C:\Windows\System32\msvcrt.dll
0x00007ffbcd210000 - 0x00007ffbcd2a7000 	C:\Windows\System32\sechost.dll
0x00007ffbcd5f0000 - 0x00007ffbcd710000 	C:\Windows\System32\RPCRT4.dll
0x00007ffbcd050000 - 0x00007ffbcd1e4000 	C:\Windows\System32\USER32.dll
0x00007ffbcb930000 - 0x00007ffbcb951000 	C:\Windows\System32\win32u.dll
0x00007ffbcd4a0000 - 0x00007ffbcd4c6000 	C:\Windows\System32\GDI32.dll
0x00007ffbcb9d0000 - 0x00007ffbcbb64000 	C:\Windows\System32\gdi32full.dll
0x00007ffbcb890000 - 0x00007ffbcb92e000 	C:\Windows\System32\msvcp_win.dll
0x00007ffbcc420000 - 0x00007ffbcc51a000 	C:\Windows\System32\ucrtbase.dll
0x00007ffbb5ec0000 - 0x00007ffbb6145000 	C:\Windows\WinSxS\amd64_microsoft.windows.common-controls_6595b64144ccf1df_6.0.18362.418_none_e6c6b287130d565d\COMCTL32.dll
0x00007ffbc6cb0000 - 0x00007ffbc6cba000 	C:\Windows\SYSTEM32\VERSION.dll
0x00007ffbce580000 - 0x00007ffbce8b6000 	C:\Windows\System32\combase.dll
0x00007ffbcbc20000 - 0x00007ffbcbca0000 	C:\Windows\System32\bcryptPrimitives.dll
0x00007ffbcd4d0000 - 0x00007ffbcd4fe000 	C:\Windows\System32\IMM32.DLL
0x00007ffb9e750000 - 0x00007ffb9e766000 	C:\Program Files\Java\jdk-11.0.7\bin\vcruntime140.dll
0x00007ffb8e810000 - 0x00007ffb8e8ba000 	C:\Program Files\Java\jdk-11.0.7\bin\msvcp140.dll
0x00007ffb88120000 - 0x00007ffb88c81000 	C:\Program Files\Java\jdk-11.0.7\bin\server\jvm.dll
0x00007ffbce570000 - 0x00007ffbce578000 	C:\Windows\System32\PSAPI.DLL
0x00007ffbbd090000 - 0x00007ffbbd099000 	C:\Windows\SYSTEM32\WSOCK32.dll
0x00007ffbc9650000 - 0x00007ffbc9674000 	C:\Windows\SYSTEM32\WINMM.dll
0x00007ffbc9620000 - 0x00007ffbc964d000 	C:\Windows\SYSTEM32\WINMMBASE.dll
0x00007ffbcd500000 - 0x00007ffbcd56f000 	C:\Windows\System32\WS2_32.dll
0x00007ffbcb980000 - 0x00007ffbcb9ca000 	C:\Windows\System32\cfgmgr32.dll
0x00007ffbcb7e0000 - 0x00007ffbcb7f1000 	C:\Windows\System32\kernel.appcore.dll
0x00007ffb9e320000 - 0x00007ffb9e331000 	C:\Program Files\Java\jdk-11.0.7\bin\verify.dll
0x00007ffbbb830000 - 0x00007ffbbba24000 	C:\Windows\SYSTEM32\DBGHELP.DLL
0x00007ffbb9360000 - 0x00007ffbb938a000 	C:\Windows\SYSTEM32\dbgcore.DLL
0x00007ffb9bd30000 - 0x00007ffb9bd59000 	C:\Program Files\Java\jdk-11.0.7\bin\java.dll
0x00007ffbb0710000 - 0x00007ffbb071a000 	C:\Program Files\Java\jdk-11.0.7\bin\jimage.dll
0x00007ffb9c130000 - 0x00007ffb9c146000 	C:\Program Files\Java\jdk-11.0.7\bin\zip.dll
0x00007ffbcdb10000 - 0x00007ffbce1f5000 	C:\Windows\System32\SHELL32.dll
0x00007ffbcd8e0000 - 0x00007ffbcd989000 	C:\Windows\System32\shcore.dll
0x00007ffbcbca0000 - 0x00007ffbcc41f000 	C:\Windows\System32\windows.storage.dll
0x00007ffbcb870000 - 0x00007ffbcb88f000 	C:\Windows\System32\profapi.dll
0x00007ffbcb800000 - 0x00007ffbcb84a000 	C:\Windows\System32\powrprof.dll
0x00007ffbcb7d0000 - 0x00007ffbcb7e0000 	C:\Windows\System32\UMPDC.dll
0x00007ffbcd440000 - 0x00007ffbcd492000 	C:\Windows\System32\shlwapi.dll
0x00007ffbcb960000 - 0x00007ffbcb977000 	C:\Windows\System32\cryptsp.dll
0x00007ffb98a70000 - 0x00007ffb98a89000 	C:\Program Files\Java\jdk-11.0.7\bin\net.dll
0x00007ffbc21f0000 - 0x00007ffbc22e0000 	C:\Windows\SYSTEM32\WINHTTP.dll
0x00007ffbcaf90000 - 0x00007ffbcaff7000 	C:\Windows\system32\mswsock.dll
0x00007ffb97ec0000 - 0x00007ffb97ed3000 	C:\Program Files\Java\jdk-11.0.7\bin\nio.dll
0x00007ffba4060000 - 0x00007ffba4087000 	C:\Users\spremsagar\.gradle\native\c976cfcca226fdd4bee4412e95191dd41148b7504f9625baeda1d523bc39a967\windows-amd64\native-platform.dll
0x00007ffbaf050000 - 0x00007ffbaf059000 	C:\Program Files\Java\jdk-11.0.7\bin\management.dll
0x00007ffbab690000 - 0x00007ffbab69c000 	C:\Program Files\Java\jdk-11.0.7\bin\management_ext.dll
0x00007ffbca8a0000 - 0x00007ffbca8d3000 	C:\Windows\system32\rsaenh.dll
0x00007ffbcc6d0000 - 0x00007ffbcc6f6000 	C:\Windows\System32\bcrypt.dll
0x00007ffbcb6f0000 - 0x00007ffbcb715000 	C:\Windows\SYSTEM32\USERENV.dll
0x00007ffbcb110000 - 0x00007ffbcb11c000 	C:\Windows\SYSTEM32\CRYPTBASE.dll
0x00007ffbcacb0000 - 0x00007ffbcacea000 	C:\Windows\SYSTEM32\IPHLPAPI.DLL
0x00007ffbce3b0000 - 0x00007ffbce3b8000 	C:\Windows\System32\NSI.dll
0x00007ffbc70d0000 - 0x00007ffbc70e6000 	C:\Windows\SYSTEM32\dhcpcsvc6.DLL
0x00007ffbc70b0000 - 0x00007ffbc70cc000 	C:\Windows\SYSTEM32\dhcpcsvc.DLL
0x00007ffbcacf0000 - 0x00007ffbcadba000 	C:\Windows\SYSTEM32\DNSAPI.dll

dbghelp: loaded successfully - version: 4.0.5 - missing functions: none
symbol engine: initialized successfully - sym options: 0x614 - pdb path: .;C:\Program Files\Java\jdk-11.0.7\bin;C:\Windows\SYSTEM32;C:\Windows\WinSxS\amd64_microsoft.windows.common-controls_6595b64144ccf1df_6.0.18362.418_none_e6c6b287130d565d;C:\Program Files\Java\jdk-11.0.7\bin\server;C:\Users\spremsagar\.gradle\native\c976cfcca226fdd4bee4412e95191dd41148b7504f9625baeda1d523bc39a967\windows-amd64

VM Arguments:
jvm_args: --add-opens=java.base/java.util=ALL-UNNAMED --add-opens=java.base/java.lang=ALL-UNNAMED --add-opens=java.base/java.lang.invoke=ALL-UNNAMED --add-opens=java.prefs/java.util.prefs=ALL-UNNAMED -XX:MaxMetaspaceSize=256m -XX:+HeapDumpOnOutOfMemoryError -Xms256m -Xmx512m -Dfile.encoding=windows-1252 -Duser.country=IN -Duser.language=en -Duser.variant 
java_command: org.gradle.launcher.daemon.bootstrap.GradleDaemon 6.3
java_class_path (initial): C:\Users\spremsagar\.gradle\wrapper\dists\gradle-6.3-bin\8tpu6egwsccjzp10c1jckl0rx\gradle-6.3\lib\gradle-launcher-6.3.jar
Launcher Type: SUN_STANDARD

[Global flags]
     bool UseCompressedOops                        = true                                 {lp64_product} {ergonomic}
     bool UseCompressedClassPointers               = true                                 {lp64_product} {ergonomic}
     bool UseLargePagesIndividualAllocation        = false                                  {pd product} {ergonomic}
     bool HeapDumpOnOutOfMemoryError               = true                                   {manageable} {command line}
     intx CICompilerCount                          = 3                                         {product} {ergonomic}
   size_t MaxMetaspaceSize                         = 268435456                                 {product} {command line}
   size_t CompressedClassSpaceSize                 = 260046848                                 {product} {ergonomic}
   size_t MinHeapDeltaBytes                        = 1048576                                   {product} {ergonomic}
     bool SegmentedCodeCache                       = true                                      {product} {ergonomic}
    uintx ReservedCodeCacheSize                    = 251658240                              {pd product} {ergonomic}
    uintx NonProfiledCodeHeapSize                  = 122913754                              {pd product} {ergonomic}
    uintx ProfiledCodeHeapSize                     = 122913754                              {pd product} {ergonomic}
    uintx NonNMethodCodeHeapSize                   = 5830732                                {pd product} {ergonomic}
   size_t G1HeapRegionSize                         = 1048576                                   {product} {ergonomic}
     uint G1ConcRefinementThreads                  = 6                                         {product} {ergonomic}
     bool UseG1GC                                  = true                                      {product} {ergonomic}
     uint ConcGCThreads                            = 2                                         {product} {ergonomic}
   size_t MarkStackSize                            = 4194304                                   {product} {ergonomic}
   size_t InitialHeapSize                          = 268435456                                 {product} {command line}
   size_t MaxHeapSize                              = 536870912                                 {product} {command line}
   size_t MaxNewSize                               = 321912832                                 {product} {ergonomic}
    uintx GCDrainStackTargetSize                   = 64                                        {product} {ergonomic}

Logging:
Log output configuration:
 #0: stdout all=warning uptime,level,tags
 #1: stderr all=off uptime,level,tags

Environment Variables:
JAVA_HOME=C:\Program Files\Java\jdk-11.0.7
PATH=C:\Windows\system32;C:\Windows;C:\Windows\System32\Wbem;C:\Windows\System32\WindowsPowerShell\v1.0\;C:\Windows\System32\OpenSSH\;C:\Program Files\Git\cmd;C:\Program Files\Microsoft VS Code\bin;C:\Program Files\nodejs\;C:\Program Files\Redis\;C:\Program Files\Java\jdk-11.0.7\bin;C:\Users\spremsagar\AppData\Local\Microsoft\WindowsApps;C:\Users\spremsagar\AppData\Roaming\npm
USERNAME=spremsagar
OS=Windows_NT
PROCESSOR_IDENTIFIER=Intel64 Family 6 Model 158 Stepping 10, GenuineIntel



---------------  S Y S T E M  ---------------

OS: Windows 10 , 64 bit Build 18362 (10.0.18362.329)

CPU:total 6 (initial active 6) (6 cores per cpu, 1 threads per core) family 6 model 158 stepping 10, cmov, cx8, fxsr, mmx, sse, sse2, sse3, ssse3, sse4.1, sse4.2, popcnt, avx, avx2, aes, clmul, erms, 3dnowpref, lzcnt, tsc, tscinvbit, bmi1, bmi2, adx, fma

Memory: 4k page, system-wide physical 16251M (528M free)
TotalPageFile size 34983M (AvailPageFile size 0M)
current process WorkingSet (physical memory assigned to process): 182M, peak: 378M
current process commit charge ("private bytes"): 444M, peak: 486M

vm_info: Java HotSpot(TM) 64-Bit Server VM (11.0.7+8-LTS) for windows-amd64 JRE (11.0.7+8-LTS), built on Mar 12 2020 02:04:32 by "mach5one" with MS VC++ 15.5 (VS2017)

END.
